This is pdfTeX, Version 3.141592-1.40.4 (MiKTeX 2.7) (preloaded format=latex 2008.2.24)  27 APR 2009 23:42
entering extended mode
**complex-networks.tex
(complex-networks.tex
LaTeX2e <2005/12/01>
Babel <v3.8h> and hyphenation patterns for english, dumylang, nohyphenation, ge
rman, ngerman, french, loaded.
("C:\Program Files\MiKTeX 2.7\tex\latex\base\article.cls"
Document Class: article 2005/09/16 v1.4f Standard LaTeX document class
("C:\Program Files\MiKTeX 2.7\tex\latex\base\size10.clo"
File: size10.clo 2005/09/16 v1.4f Standard LaTeX file (size option)
)
\c@part=\count79
\c@section=\count80
\c@subsection=\count81
\c@subsubsection=\count82
\c@paragraph=\count83
\c@subparagraph=\count84
\c@figure=\count85
\c@table=\count86
\abovecaptionskip=\skip41
\belowcaptionskip=\skip42
\bibindent=\dimen102
)
("C:\Program Files\MiKTeX 2.7\tex\latex\cite\cite.sty"
LaTeX Info: Redefining \cite on input line 149.
LaTeX Info: Redefining \nocite on input line 214.
Package: cite 2003/11/04  v 4.01
) (complex-networks.aux)
LaTeX Font Info:    Checking defaults for OML/cmm/m/it on input line 6.
LaTeX Font Info:    ... okay on input line 6.
LaTeX Font Info:    Checking defaults for T1/cmr/m/n on input line 6.
LaTeX Font Info:    ... okay on input line 6.
LaTeX Font Info:    Checking defaults for OT1/cmr/m/n on input line 6.
LaTeX Font Info:    ... okay on input line 6.
LaTeX Font Info:    Checking defaults for OMS/cmsy/m/n on input line 6.
LaTeX Font Info:    ... okay on input line 6.
LaTeX Font Info:    Checking defaults for OMX/cmex/m/n on input line 6.
LaTeX Font Info:    ... okay on input line 6.
LaTeX Font Info:    Checking defaults for U/cmr/m/n on input line 6.
LaTeX Font Info:    ... okay on input line 6.
LaTeX Font Info:    External font `cmex10' loaded for size
(Font)              <12> on input line 47.
LaTeX Font Info:    External font `cmex10' loaded for size
(Font)              <8> on input line 47.
LaTeX Font Info:    External font `cmex10' loaded for size
(Font)              <6> on input line 47.


LaTeX Warning: No \author given.

! Undefined control sequence.
l.85 \IEEEpeerreviewmaketitle
                             
The control sequence at the end of the top line
of your error message was never \def'ed. If you have
misspelled it (e.g., `\hobx'), type `I' and the correct
spelling (e.g., `I\hbox'). Otherwise just continue,
and I'll forget about whatever was undefined.

[1

]

LaTeX Warning: Citation `guimera07' on page 2 undefined on input line 94.


LaTeX Warning: Citation `amaral08' on page 2 undefined on input line 94.


LaTeX Warning: Citation `guimera04' on page 2 undefined on input line 94.


LaTeX Warning: Citation `amaral05' on page 2 undefined on input line 94.


LaTeX Warning: Citation `vespignani' on page 2 undefined on input line 94.


LaTeX Warning: Citation `venkat04' on page 2 undefined on input line 98.

[2]

LaTeX Warning: Reference `sec:formalism' on page 3 undefined on input line 102.



LaTeX Warning: Reference `sec:networks' on page 3 undefined on input line 102.


LaTeX Warning: Reference `sec:analysis' on page 3 undefined on input line 102.


LaTeX Warning: Reference `sec:discussion' on page 3 undefined on input line 102
.


LaTeX Warning: Reference `sec:rellit' on page 3 undefined on input line 102.

LaTeX Font Info:    External font `cmex10' loaded for size
(Font)              <7> on input line 110.
LaTeX Font Info:    External font `cmex10' loaded for size
(Font)              <5> on input line 110.
[3] [4] [5] [6] [7] [8] [9] (complex-networks.aux)

LaTeX Warning: There were undefined references.

 ) 
Here is how much of TeX's memory you used:
 328 strings out of 95341
 3427 string characters out of 1184220
 49807 words of memory out of 1500000
 3582 multiletter control sequences out of 110000
 8848 words of font info for 31 fonts, out of 1200000 for 2000
 14 hyphenation exceptions out of 8191
 23i,6n,19p,1154b,193s stack positions out of 5000i,500n,10000p,200000b,5000s

Output written on complex-networks.dvi (9 pages, 24792 bytes).
